Determining if the pthread_create exist failed with the following output:
Change Dir: /home/bowen/share/cpp/project/helloworld/example/build/CMakeFiles/CMakeTmp

Run Build Command:"/usr/bin/make" "cmTC_54362/fast"
/usr/bin/make -f CMakeFiles/cmTC_54362.dir/build.make CMakeFiles/cmTC_54362.dir/build
make[1]: Entering directory '/home/bowen/share/cpp/project/helloworld/example/build/CMakeFiles/CMakeTmp'
Building C object CMakeFiles/cmTC_54362.dir/CheckSymbolExists.c.o
/usr/bin/cc    -o CMakeFiles/cmTC_54362.dir/CheckSymbolExists.c.o   -c /home/bowen/share/cpp/project/helloworld/example/build/CMakeFiles/CMakeTmp/CheckSymbolExists.c
Linking C executable cmTC_54362
/usr/bin/cmake -E cmake_link_script CMakeFiles/cmTC_54362.dir/link.txt --verbose=1
/usr/bin/cc      -rdynamic CMakeFiles/cmTC_54362.dir/CheckSymbolExists.c.o  -o cmTC_54362 
CMakeFiles/cmTC_54362.dir/CheckSymbolExists.c.o: In function `main':
CheckSymbolExists.c:(.text+0x1b): undefined reference to `pthread_create'
collect2: error: ld returned 1 exit status
CMakeFiles/cmTC_54362.dir/build.make:97: recipe for target 'cmTC_54362' failed
make[1]: *** [cmTC_54362] Error 1
make[1]: Leaving directory '/home/bowen/share/cpp/project/helloworld/example/build/CMakeFiles/CMakeTmp'
Makefile:126: recipe for target 'cmTC_54362/fast' failed
make: *** [cmTC_54362/fast] Error 2

File /home/bowen/share/cpp/project/helloworld/example/build/CMakeFiles/CMakeTmp/CheckSymbolExists.c:
/* */
#include <pthread.h>

int main(int argc, char** argv)
{
  (void)argv;
#ifndef pthread_create
  return ((int*)(&pthread_create))[argc];
#else
  (void)argc;
  return 0;
#endif
}

Determining if the function pthread_create exists in the pthreads failed with the following output:
Change Dir: /home/bowen/share/cpp/project/helloworld/example/build/CMakeFiles/CMakeTmp

Run Build Command:"/usr/bin/make" "cmTC_8d5d8/fast"
make: Warning: File 'Makefile' has modification time 0.00035 s in the future
/usr/bin/make -f CMakeFiles/cmTC_8d5d8.dir/build.make CMakeFiles/cmTC_8d5d8.dir/build
make[1]: Entering directory '/home/bowen/share/cpp/project/helloworld/example/build/CMakeFiles/CMakeTmp'
make[1]: Warning: File 'CMakeFiles/cmTC_8d5d8.dir/progress.make' has modification time 0.0052 s in the future
Building C object CMakeFiles/cmTC_8d5d8.dir/CheckFunctionExists.c.o
/usr/bin/cc   -DCHECK_FUNCTION_EXISTS=pthread_create   -o CMakeFiles/cmTC_8d5d8.dir/CheckFunctionExists.c.o   -c /usr/share/cmake-3.10/Modules/CheckFunctionExists.c
Linking C executable cmTC_8d5d8
/usr/bin/cmake -E cmake_link_script CMakeFiles/cmTC_8d5d8.dir/link.txt --verbose=1
/usr/bin/cc  -DCHECK_FUNCTION_EXISTS=pthread_create    -rdynamic CMakeFiles/cmTC_8d5d8.dir/CheckFunctionExists.c.o  -o cmTC_8d5d8 -lpthreads 
/usr/bin/ld: cannot find -lpthreads
collect2: error: ld returned 1 exit status
CMakeFiles/cmTC_8d5d8.dir/build.make:97: recipe for target 'cmTC_8d5d8' failed
make[1]: *** [cmTC_8d5d8] Error 1
make[1]: Leaving directory '/home/bowen/share/cpp/project/helloworld/example/build/CMakeFiles/CMakeTmp'
Makefile:126: recipe for target 'cmTC_8d5d8/fast' failed
make: *** [cmTC_8d5d8/fast] Error 2


